c:\users\locketgoma\desktop\addon_bbcc_dcconeditor_auto\addon_bbcc_dcconeditor_auto\debug\vc141.pdb
c:\users\locketgoma\desktop\addon_bbcc_dcconeditor_auto\addon_bbcc_dcconeditor_auto\debug\vc141.idb
c:\users\locketgoma\desktop\addon_bbcc_dcconeditor_auto\addon_bbcc_dcconeditor_auto\debug\filereader.obj
c:\users\locketgoma\desktop\addon_bbcc_dcconeditor_auto\addon_bbcc_dcconeditor_auto\debug\interface.obj
c:\users\locketgoma\desktop\addon_bbcc_dcconeditor_auto\addon_bbcc_dcconeditor_auto\debug\fileeditor.obj
c:\users\locketgoma\desktop\addon_bbcc_dcconeditor_auto\debug\addon_bbcc_dcconeditor_auto.exe
c:\users\locketgoma\desktop\addon_bbcc_dcconeditor_auto\debug\addon_bbcc_dcconeditor_auto.ilk
c:\users\locketgoma\desktop\addon_bbcc_dcconeditor_auto\debug\addon_bbcc_dcconeditor_auto.pdb
f:\programing\usage\vs2017\addon_bbcc_dcconeditor_auto\addon_bbcc_dcconeditor_auto\debug\fileeditor.obj
f:\programing\usage\vs2017\addon_bbcc_dcconeditor_auto\addon_bbcc_dcconeditor_auto\debug\filereader.obj
f:\programing\usage\vs2017\addon_bbcc_dcconeditor_auto\addon_bbcc_dcconeditor_auto\debug\interface.obj
f:\programing\usage\vs2017\addon_bbcc_dcconeditor_auto\addon_bbcc_dcconeditor_auto\debug\vc141.idb
f:\programing\usage\vs2017\addon_bbcc_dcconeditor_auto\addon_bbcc_dcconeditor_auto\debug\vc141.pdb
f:\programing\usage\vs2017\addon_bbcc_dcconeditor_auto\debug\addon_bbcc_dcconeditor_auto.pdb
f:\programing\usage\vs2017\addon_bbcc_dcconeditor_auto\debug\addon_bbcc_dcconeditor_auto.exe
f:\programing\usage\vs2017\addon_bbcc_dcconeditor_auto\debug\addon_bbcc_dcconeditor_auto.ilk
f:\programing\usage\vs2017\addon_bbcc_dcconeditor_auto\addon_bbcc_dcconeditor_auto\debug\addon_bb.461c61c5.tlog\cl.command.1.tlog
f:\programing\usage\vs2017\addon_bbcc_dcconeditor_auto\addon_bbcc_dcconeditor_auto\debug\addon_bb.461c61c5.tlog\cl.read.1.tlog
f:\programing\usage\vs2017\addon_bbcc_dcconeditor_auto\addon_bbcc_dcconeditor_auto\debug\addon_bb.461c61c5.tlog\cl.write.1.tlog
f:\programing\usage\vs2017\addon_bbcc_dcconeditor_auto\addon_bbcc_dcconeditor_auto\debug\addon_bb.461c61c5.tlog\link.command.1.tlog
f:\programing\usage\vs2017\addon_bbcc_dcconeditor_auto\addon_bbcc_dcconeditor_auto\debug\addon_bb.461c61c5.tlog\link.read.1.tlog
f:\programing\usage\vs2017\addon_bbcc_dcconeditor_auto\addon_bbcc_dcconeditor_auto\debug\addon_bb.461c61c5.tlog\link.write.1.tlog
